nam: code.nam of Thu Dec  3 23:48:07 2020

   *#        ->  #*       
   *A        ->  *        
   *         ->  < 1      
   #< A      ->  #_ aA    
   0b        ->  1        
   1b        ->  2        
   2b        ->  3        
   3b        ->  4        
   4b        ->  5        
   5b        ->  6        
   6b        ->  7        
   7b        ->  8        
   8b        ->  9        
   9b        ->  b0       
   b         ->  1        
   aA        ->  Aa       
   Aa        ->  Ab       
   #_        ->  <        
   <         ->.          
             ->  *        

123#123#123
--------------------------------------------------------------------------------
[           ->  *         ]  "*123#123#123"
[ *A        ->  *         ]  "*23#123#123"
[ *A        ->  *         ]  "*3#123#123"
[ *A        ->  *         ]  "*#123#123"
[ *#        ->  #*        ]  "#*123#123"
[ *A        ->  *         ]  "#*23#123"
[ *A        ->  *         ]  "#*3#123"
[ *A        ->  *         ]  "#*#123"
[ *#        ->  #*        ]  "##*123"
[ *A        ->  *         ]  "##*23"
[ *A        ->  *         ]  "##*3"
[ *A        ->  *         ]  "##*"
[ *         ->  < 1       ]  "##< 1"
[ #< A      ->  #_ aA     ]  "##_ a1"
[ aA        ->  Aa        ]  "##_ 1a"
[ Aa        ->  Ab        ]  "##_ 1b"
[ 1b        ->  2         ]  "##_ 2"
[ #_        ->  <         ]  "#< 2"
[ #< A      ->  #_ aA     ]  "#_ a2"
[ aA        ->  Aa        ]  "#_ 2a"
[ Aa        ->  Ab        ]  "#_ 2b"
[ 2b        ->  3         ]  "#_ 3"
[ #_        ->  <         ]  "< 3"
[ <         ->.           ]  " 3"
--------------------------------------------------------------------------------

123
--------------------------------------------------------------------------------
[           ->  *         ]  "*123"
[ *A        ->  *         ]  "*23"
[ *A        ->  *         ]  "*3"
[ *A        ->  *         ]  "*"
[ *         ->  < 1       ]  "< 1"
[ <         ->.           ]  " 1"
--------------------------------------------------------------------------------

1
--------------------------------------------------------------------------------
[           ->  *         ]  "*1"
[ *A        ->  *         ]  "*"
[ *         ->  < 1       ]  "< 1"
[ <         ->.           ]  " 1"
--------------------------------------------------------------------------------

123#243#5676#3434#24
--------------------------------------------------------------------------------
[           ->  *         ]  "*123#243#5676#3434#24"
[ *A        ->  *         ]  "*23#243#5676#3434#24"
[ *A        ->  *         ]  "*3#243#5676#3434#24"
[ *A        ->  *         ]  "*#243#5676#3434#24"
[ *#        ->  #*        ]  "#*243#5676#3434#24"
[ *A        ->  *         ]  "#*43#5676#3434#24"
[ *A        ->  *         ]  "#*3#5676#3434#24"
[ *A        ->  *         ]  "#*#5676#3434#24"
[ *#        ->  #*        ]  "##*5676#3434#24"
[ *A        ->  *         ]  "##*676#3434#24"
[ *A        ->  *         ]  "##*76#3434#24"
[ *A        ->  *         ]  "##*6#3434#24"
[ *A        ->  *         ]  "##*#3434#24"
[ *#        ->  #*        ]  "###*3434#24"
[ *A        ->  *         ]  "###*434#24"
[ *A        ->  *         ]  "###*34#24"
[ *A        ->  *         ]  "###*4#24"
[ *A        ->  *         ]  "###*#24"
[ *#        ->  #*        ]  "####*24"
[ *A        ->  *         ]  "####*4"
[ *A        ->  *         ]  "####*"
[ *         ->  < 1       ]  "####< 1"
[ #< A      ->  #_ aA     ]  "####_ a1"
[ aA        ->  Aa        ]  "####_ 1a"
[ Aa        ->  Ab        ]  "####_ 1b"
[ 1b        ->  2         ]  "####_ 2"
[ #_        ->  <         ]  "###< 2"
[ #< A      ->  #_ aA     ]  "###_ a2"
[ aA        ->  Aa        ]  "###_ 2a"
[ Aa        ->  Ab        ]  "###_ 2b"
[ 2b        ->  3         ]  "###_ 3"
[ #_        ->  <         ]  "##< 3"
[ #< A      ->  #_ aA     ]  "##_ a3"
[ aA        ->  Aa        ]  "##_ 3a"
[ Aa        ->  Ab        ]  "##_ 3b"
[ 3b        ->  4         ]  "##_ 4"
[ #_        ->  <         ]  "#< 4"
[ #< A      ->  #_ aA     ]  "#_ a4"
[ aA        ->  Aa        ]  "#_ 4a"
[ Aa        ->  Ab        ]  "#_ 4b"
[ 4b        ->  5         ]  "#_ 5"
[ #_        ->  <         ]  "< 5"
[ <         ->.           ]  " 5"
--------------------------------------------------------------------------------

1#2#3#4#5#6#7#8#9#11
--------------------------------------------------------------------------------
[           ->  *         ]  "*1#2#3#4#5#6#7#8#9#11"
[ *A        ->  *         ]  "*#2#3#4#5#6#7#8#9#11"
[ *#        ->  #*        ]  "#*2#3#4#5#6#7#8#9#11"
[ *A        ->  *         ]  "#*#3#4#5#6#7#8#9#11"
[ *#        ->  #*        ]  "##*3#4#5#6#7#8#9#11"
[ *A        ->  *         ]  "##*#4#5#6#7#8#9#11"
[ *#        ->  #*        ]  "###*4#5#6#7#8#9#11"
[ *A        ->  *         ]  "###*#5#6#7#8#9#11"
[ *#        ->  #*        ]  "####*5#6#7#8#9#11"
[ *A        ->  *         ]  "####*#6#7#8#9#11"
[ *#        ->  #*        ]  "#####*6#7#8#9#11"
[ *A        ->  *         ]  "#####*#7#8#9#11"
[ *#        ->  #*        ]  "######*7#8#9#11"
[ *A        ->  *         ]  "######*#8#9#11"
[ *#        ->  #*        ]  "#######*8#9#11"
[ *A        ->  *         ]  "#######*#9#11"
[ *#        ->  #*        ]  "########*9#11"
[ *A        ->  *         ]  "########*#11"
[ *#        ->  #*        ]  "#########*11"
[ *A        ->  *         ]  "#########*1"
[ *A        ->  *         ]  "#########*"
[ *         ->  < 1       ]  "#########< 1"
[ #< A      ->  #_ aA     ]  "#########_ a1"
[ aA        ->  Aa        ]  "#########_ 1a"
[ Aa        ->  Ab        ]  "#########_ 1b"
[ 1b        ->  2         ]  "#########_ 2"
[ #_        ->  <         ]  "########< 2"
[ #< A      ->  #_ aA     ]  "########_ a2"
[ aA        ->  Aa        ]  "########_ 2a"
[ Aa        ->  Ab        ]  "########_ 2b"
[ 2b        ->  3         ]  "########_ 3"
[ #_        ->  <         ]  "#######< 3"
[ #< A      ->  #_ aA     ]  "#######_ a3"
[ aA        ->  Aa        ]  "#######_ 3a"
[ Aa        ->  Ab        ]  "#######_ 3b"
[ 3b        ->  4         ]  "#######_ 4"
[ #_        ->  <         ]  "######< 4"
[ #< A      ->  #_ aA     ]  "######_ a4"
[ aA        ->  Aa        ]  "######_ 4a"
[ Aa        ->  Ab        ]  "######_ 4b"
[ 4b        ->  5         ]  "######_ 5"
[ #_        ->  <         ]  "#####< 5"
[ #< A      ->  #_ aA     ]  "#####_ a5"
[ aA        ->  Aa        ]  "#####_ 5a"
[ Aa        ->  Ab        ]  "#####_ 5b"
[ 5b        ->  6         ]  "#####_ 6"
[ #_        ->  <         ]  "####< 6"
[ #< A      ->  #_ aA     ]  "####_ a6"
[ aA        ->  Aa        ]  "####_ 6a"
[ Aa        ->  Ab        ]  "####_ 6b"
[ 6b        ->  7         ]  "####_ 7"
[ #_        ->  <         ]  "###< 7"
[ #< A      ->  #_ aA     ]  "###_ a7"
[ aA        ->  Aa        ]  "###_ 7a"
[ Aa        ->  Ab        ]  "###_ 7b"
[ 7b        ->  8         ]  "###_ 8"
[ #_        ->  <         ]  "##< 8"
[ #< A      ->  #_ aA     ]  "##_ a8"
[ aA        ->  Aa        ]  "##_ 8a"
[ Aa        ->  Ab        ]  "##_ 8b"
[ 8b        ->  9         ]  "##_ 9"
[ #_        ->  <         ]  "#< 9"
[ #< A      ->  #_ aA     ]  "#_ a9"
[ aA        ->  Aa        ]  "#_ 9a"
[ Aa        ->  Ab        ]  "#_ 9b"
[ 9b        ->  b0        ]  "#_ b0"
[ b         ->  1         ]  "#_ 10"
[ #_        ->  <         ]  "< 10"
[ <         ->.           ]  " 10"
--------------------------------------------------------------------------------

1#234#2#23443#13
--------------------------------------------------------------------------------
[           ->  *         ]  "*1#234#2#23443#13"
[ *A        ->  *         ]  "*#234#2#23443#13"
[ *#        ->  #*        ]  "#*234#2#23443#13"
[ *A        ->  *         ]  "#*34#2#23443#13"
[ *A        ->  *         ]  "#*4#2#23443#13"
[ *A        ->  *         ]  "#*#2#23443#13"
[ *#        ->  #*        ]  "##*2#23443#13"
[ *A        ->  *         ]  "##*#23443#13"
[ *#        ->  #*        ]  "###*23443#13"
[ *A        ->  *         ]  "###*3443#13"
[ *A        ->  *         ]  "###*443#13"
[ *A        ->  *         ]  "###*43#13"
[ *A        ->  *         ]  "###*3#13"
[ *A        ->  *         ]  "###*#13"
[ *#        ->  #*        ]  "####*13"
[ *A        ->  *         ]  "####*3"
[ *A        ->  *         ]  "####*"
[ *         ->  < 1       ]  "####< 1"
[ #< A      ->  #_ aA     ]  "####_ a1"
[ aA        ->  Aa        ]  "####_ 1a"
[ Aa        ->  Ab        ]  "####_ 1b"
[ 1b        ->  2         ]  "####_ 2"
[ #_        ->  <         ]  "###< 2"
[ #< A      ->  #_ aA     ]  "###_ a2"
[ aA        ->  Aa        ]  "###_ 2a"
[ Aa        ->  Ab        ]  "###_ 2b"
[ 2b        ->  3         ]  "###_ 3"
[ #_        ->  <         ]  "##< 3"
[ #< A      ->  #_ aA     ]  "##_ a3"
[ aA        ->  Aa        ]  "##_ 3a"
[ Aa        ->  Ab        ]  "##_ 3b"
[ 3b        ->  4         ]  "##_ 4"
[ #_        ->  <         ]  "#< 4"
[ #< A      ->  #_ aA     ]  "#_ a4"
[ aA        ->  Aa        ]  "#_ 4a"
[ Aa        ->  Ab        ]  "#_ 4b"
[ 4b        ->  5         ]  "#_ 5"
[ #_        ->  <         ]  "< 5"
[ <         ->.           ]  " 5"
--------------------------------------------------------------------------------

